  ITU_R_P_371_8.c
  NeQuickG_JRC.c
  NeQuickG_JRC_coordinates.c
  NeQuickG_JRC_electron_density.c
  NeQuickG_JRC_Gauss_Kronrod_integration.c
  NeQuickG_JRC_geometry.c
  NeQuickG_JRC_input_data.c
  NeQuickG_JRC_interpolate.c
  NeQuickG_JRC_iono_E_layer.c
  NeQuickG_JRC_iono_F1_layer.c
  NeQuickG_JRC_iono_F2_layer.c
  NeQuickG_JRC_iono_F2_layer_fourier_coefficients.c
  NeQuickG_JRC_iono_profile.c
  NeQuickG_JRC_math_utils.c
  NeQuickG_JRC_MODIP.c
  NeQuickG_JRC_MODIP_grid.c
  NeQuickG_JRC_ray.c
  NeQuickG_JRC_ray_slant.c
  NeQuickG_JRC_ray_vertical.c
  NeQuickG_JRC_solar.c
  NeQuickG_JRC_solar_activity.c
  NeQuickG_JRC_TEC_integration.c
  NeQuickG_JRC_time.c
  NeQuickG_JRC_exception.c
  NeQuickG_JRC_input_data_std_stream.c
  NeQuickG_JRC_input_data_stream.c
  NeQuickG_JRC_main.c
  Generating code
  All 197 functions were compiled because no usable IPDB/IOBJ from previous compilation was found.
  Finished generating code
  NeQuickJRC.vcxproj -> C:\Универ\диплом\NeQuickJRC\build\msvc\NeQuickJRC\.\..\..\..\bin\msvc\NeQuickG_JRC.exe
  NeQuickJRC.vcxproj -> .\..\..\..\bin\msvc\NeQuickG_JRC.pdb (Full PDB)
